Epoch:0, Step:0/340000, loss:10.665537, acc:0.0%, lr:5e-05.
Epoch:0, Step:170/340000, loss:10.386091, acc:1.171875%, lr:5e-05.
Epoch:0, Step:339/340000, loss:10.228773, acc:0.9803922%, lr:5e-05.
12
loss:10.242249, acc:tensor(0.0580, device='cuda:1')%.
Epoch:1, Step:340/340000, loss:10.172306, acc:0.78125%, lr:6.125e-05.
Epoch:1, Step:510/340000, loss:10.009924, acc:1.171875%, lr:6.125e-05.
Epoch:1, Step:679/340000, loss:10.142736, acc:0.9803922%, lr:6.125e-05.
12
loss:9.978033, acc:tensor(0.0700, device='cuda:1')%.
Epoch:2, Step:680/340000, loss:9.838852, acc:1.3671875%, lr:7.250000000000001e-05.
Epoch:2, Step:850/340000, loss:9.714608, acc:1.5625%, lr:7.250000000000001e-05.
Epoch:2, Step:1019/340000, loss:9.874276, acc:0.0%, lr:7.250000000000001e-05.
12
loss:9.785093, acc:tensor(0.0730, device='cuda:1')%.
Epoch:3, Step:1020/340000, loss:9.477564, acc:1.3671875%, lr:8.375e-05.
Epoch:3, Step:1190/340000, loss:9.526896, acc:1.171875%, lr:8.375e-05.
Epoch:3, Step:1359/340000, loss:9.286014, acc:0.9803922%, lr:8.375e-05.
12
loss:9.600717, acc:tensor(0.0840, device='cuda:1')%.
Epoch:4, Step:1360/340000, loss:9.297852, acc:0.78125%, lr:9.5e-05.
Epoch:4, Step:1530/340000, loss:9.367687, acc:1.171875%, lr:9.5e-05.
Epoch:4, Step:1699/340000, loss:9.036425, acc:0.9803922%, lr:9.5e-05.
12
loss:9.406863, acc:tensor(0.0970, device='cuda:1')%.
Epoch:5, Step:1700/340000, loss:8.978547, acc:1.7578125%, lr:0.00010625000000000001.
Epoch:5, Step:1870/340000, loss:8.90626, acc:1.3671875%, lr:0.00010625000000000001.
Epoch:5, Step:2039/340000, loss:9.160425, acc:0.9803922%, lr:0.00010625000000000001.
12
loss:9.168337, acc:tensor(0.1140, device='cuda:1')%.
Epoch:6, Step:2040/340000, loss:8.585483, acc:2.34375%, lr:0.00011750000000000001.
Epoch:6, Step:2210/340000, loss:8.391258, acc:1.953125%, lr:0.00011750000000000001.
Epoch:6, Step:2379/340000, loss:8.299125, acc:0.0%, lr:0.00011750000000000001.
12
loss:8.910886, acc:tensor(0.1250, device='cuda:1')%.
Epoch:7, Step:2380/340000, loss:7.9832687, acc:2.734375%, lr:0.00012875.
Epoch:7, Step:2550/340000, loss:7.801104, acc:3.7109375%, lr:0.00012875.
Epoch:7, Step:2719/340000, loss:7.806091, acc:5.8823533%, lr:0.00012875.
12
loss:8.637123, acc:tensor(0.1610, device='cuda:1')%.
Epoch:8, Step:2720/340000, loss:7.4522166, acc:5.6640625%, lr:0.00014000000000000001.
Epoch:8, Step:2890/340000, loss:7.3500504, acc:8.3984375%, lr:0.00014000000000000001.
Epoch:8, Step:3059/340000, loss:7.2328095, acc:5.8823533%, lr:0.00014000000000000001.
12
loss:8.336262, acc:tensor(0.2720, device='cuda:1')%.
Epoch:9, Step:3060/340000, loss:6.8011093, acc:13.0859375%, lr:0.00015125.
Epoch:9, Step:3230/340000, loss:6.6235523, acc:17.1875%, lr:0.00015125.
Epoch:9, Step:3399/340000, loss:6.5583377, acc:19.607843%, lr:0.00015125.
12
loss:8.022515, acc:tensor(0.3910, device='cuda:1')%.
Epoch:10, Step:3400/340000, loss:5.8345284, acc:22.851562%, lr:0.00016250000000000002.
Epoch:10, Step:3570/340000, loss:5.745741, acc:25.976562%, lr:0.00016250000000000002.
Epoch:10, Step:3739/340000, loss:5.507345, acc:29.411766%, lr:0.00016250000000000002.
12
loss:7.6796103, acc:tensor(0.5350, device='cuda:1')%.
Epoch:11, Step:3740/340000, loss:5.0890126, acc:32.421875%, lr:0.00017375000000000002.
Epoch:11, Step:3910/340000, loss:4.8699436, acc:32.03125%, lr:0.00017375000000000002.
Epoch:11, Step:4079/340000, loss:4.904387, acc:35.29412%, lr:0.00017375000000000002.
12
loss:7.3513827, acc:tensor(0.6340, device='cuda:1')%.
Epoch:12, Step:4080/340000, loss:4.1880927, acc:39.257812%, lr:0.000185.
Epoch:12, Step:4250/340000, loss:4.1406207, acc:39.84375%, lr:0.000185.
Epoch:12, Step:4419/340000, loss:3.6317997, acc:42.156864%, lr:0.000185.
12
loss:7.0599356, acc:tensor(0.7070, device='cuda:1')%.
Epoch:13, Step:4420/340000, loss:3.4697046, acc:45.117188%, lr:0.00019625000000000003.
Epoch:13, Step:4590/340000, loss:3.4357913, acc:41.796875%, lr:0.00019625000000000003.
Epoch:13, Step:4759/340000, loss:3.3831635, acc:36.27451%, lr:0.00019625000000000003.
12
loss:6.8291073, acc:tensor(0.7760, device='cuda:1')%.
Epoch:14, Step:4760/340000, loss:2.7958379, acc:47.265625%, lr:0.00020750000000000003.
Epoch:14, Step:4930/340000, loss:2.8475266, acc:44.53125%, lr:0.00020750000000000003.
Epoch:14, Step:5099/340000, loss:2.584303, acc:45.09804%, lr:0.00020750000000000003.
12
loss:6.719167, acc:tensor(0.8130, device='cuda:1')%.
Epoch:15, Step:5100/340000, loss:2.1531293, acc:55.273438%, lr:0.00021875.
Epoch:15, Step:5270/340000, loss:2.447639, acc:45.898438%, lr:0.00021875.
Epoch:15, Step:5439/340000, loss:2.4040189, acc:50.0%, lr:0.00021875.
12
loss:6.6199245, acc:tensor(0.8670, device='cuda:1')%.
Epoch:16, Step:5440/340000, loss:1.9632617, acc:56.445312%, lr:0.00022999999999999998.
Epoch:16, Step:5610/340000, loss:2.2183018, acc:48.632812%, lr:0.00022999999999999998.
Epoch:16, Step:5779/340000, loss:1.9103855, acc:50.0%, lr:0.00022999999999999998.
12
loss:6.585954, acc:tensor(0.9190, device='cuda:1')%.
Epoch:17, Step:5780/340000, loss:1.7483569, acc:57.8125%, lr:0.00024125000000000004.
Epoch:17, Step:5950/340000, loss:1.7989303, acc:52.539062%, lr:0.00024125000000000004.
Epoch:17, Step:6119/340000, loss:2.2659943, acc:44.11765%, lr:0.00024125000000000004.
12
loss:6.5980587, acc:tensor(0.9660, device='cuda:1')%.
Epoch:18, Step:6120/340000, loss:1.4401394, acc:62.695312%, lr:0.0002525.
Epoch:18, Step:6290/340000, loss:1.8999345, acc:49.023438%, lr:0.0002525.
